Unity Editor version:    2021.1.20f1 (be552157821d)
Branch:                  2021.1/staging
Build type:              Release
Batch mode:              YES
macOS version:           Version 10.15.7 (Build 19H1323)
Darwin version:          19.6.0
Architecture:            x86_64
Running under Rosetta:   NO
Available memory:        8192 MB
Using pre-set license
Pro License: NO
Pro License: NO

COMMAND LINE ARGUMENTS:
/Applications/Unity/Unity.app/Contents/MacOS/Unity
-adb2
-batchMode
-noUpm
-name
AssetImportWorker3
-projectPath
/Users/juanpablohernandeztroncoso/Desktop/Unity/Proyecto2/sprint_2
-logFile
Logs/AssetImportWorker3.log
-srvPort
59686
Successfully changed project path to: /Users/juanpablohernandeztroncoso/Desktop/Unity/Proyecto2/sprint_2
/Users/juanpablohernandeztroncoso/Desktop/Unity/Proyecto2/sprint_2
Using Asset Import Pipeline V2.
Refreshing native plugins compatible for Editor in 834.85 ms, found 2 plugins.
Preloading 0 native plugins for Editor in 0.00 ms.
Initialize engine version: 2021.1.20f1 (be552157821d)
[Subsystems] Discovering subsystems at path /Applications/Unity/Unity.app/Contents/Resources/UnitySubsystems
[Subsystems] Discovering subsystems at path /Users/juanpablohernandeztroncoso/Desktop/Unity/Proyecto2/sprint_2/Assets
GfxDevice: creating device client; threaded=0; jobified=0
2021-10-13 12:16:45.238 Unity[81508:1329481] Color LCD preferred device: Intel(R) Iris(TM) Graphics 6100 (low power)
2021-10-13 12:16:45.238 Unity[81508:1329481] Metal devices available: 1
2021-10-13 12:16:45.238 Unity[81508:1329481] 0: Intel(R) Iris(TM) Graphics 6100 (low power)
2021-10-13 12:16:45.244 Unity[81508:1329481] Using device Intel(R) Iris(TM) Graphics 6100 (low power)
Initializing Metal device caps: Intel(R) Iris(TM) Graphics 6100
Initialize mono
Mono path[0] = '/Applications/Unity/Unity.app/Contents/Managed'
Mono path[1] = '/Applications/Unity/Unity.app/Contents/MonoBleedingEdge/lib/mono/unityjit'
Mono config path = '/Applications/Unity/Unity.app/Contents/MonoBleedingEdge/etc'
Using monoOptions --debugger-agent=transport=dt_socket,embedding=1,server=y,suspend=n,address=127.0.0.1:56508
Begin MonoManager ReloadAssembly
Registering precompiled unity dll's ...
Register platform support module: /Applications/Unity/Unity.app/Contents/PlaybackEngines/MacStandaloneSupport/UnityEditor.OSXStandalone.Extensions.dll
Registered in 0.002464 seconds.
Native extension for OSXStandalone target not found
Refreshing native plugins compatible for Editor in 256.50 ms, found 2 plugins.
Preloading 0 native plugins for Editor in 0.00 ms.
Mono: successfully reloaded assembly
- Completed reload, in  6.275 seconds
Domain Reload Profiling:
	ReloadAssembly (6276ms)
		BeginReloadAssembly (382ms)
			ExecutionOrderSort (0ms)
			DisableScriptedObjects (0ms)
			BackupInstance (0ms)
			ReleaseScriptingObjects (0ms)
			CreateAndSetChildDomain (7ms)
		EndReloadAssembly (1243ms)
			LoadAssemblies (374ms)
			RebuildTransferFunctionScriptingTraits (0ms)
			SetupTypeCache (414ms)
			ReleaseScriptCaches (0ms)
			RebuildScriptCaches (147ms)
			SetupLoadedEditorAssemblies (564ms)
				LogAssemblyErrors (0ms)
				InitializePlatformSupportModulesInManaged (14ms)
				SetLoadedEditorAssemblies (0ms)
				RefreshPlugins (257ms)
				BeforeProcessingInitializeOnLoad (4ms)
				ProcessInitializeOnLoadAttributes (223ms)
				ProcessInitializeOnLoadMethodAttributes (65ms)
				AfterProcessingInitializeOnLoad (0ms)
				EditorAssembliesLoaded (1ms)
			ExecutionOrderSort2 (0ms)
			AwakeInstancesAfterBackupRestoration (0ms)
Platform modules already initialized, skipping
Registering precompiled user dll's ...
Registered in 0.010864 seconds.
Begin MonoManager ReloadAssembly
Symbol file LoadedFromMemory doesn't match image /Users/juanpablohernandeztroncoso/Desktop/Unity/Proyecto2/sprint_2/Library/PackageCache/com.unity.visualscripting@1.6.1/Editor/VisualScripting.Core/Dependencies/YamlDotNet/Unity.VisualScripting.YamlDotNet.dll
Symbol file LoadedFromMemory doesn't match image /Users/juanpablohernandeztroncoso/Desktop/Unity/Proyecto2/sprint_2/Library/PackageCache/com.unity.visualscripting@1.6.1/Editor/VisualScripting.Core/Dependencies/DotNetZip/Unity.VisualScripting.IonicZip.dll
Native extension for OSXStandalone target not found
Refreshing native plugins compatible for Editor in 1.00 ms, found 2 plugins.
Preloading 0 native plugins for Editor in 0.00 ms.
Mono: successfully reloaded assembly
- Completed reload, in  4.196 seconds
Domain Reload Profiling:
	ReloadAssembly (4196ms)
		BeginReloadAssembly (424ms)
			ExecutionOrderSort (0ms)
			DisableScriptedObjects (15ms)
			BackupInstance (0ms)
			ReleaseScriptingObjects (0ms)
			CreateAndSetChildDomain (79ms)
		EndReloadAssembly (3502ms)
			LoadAssemblies (469ms)
			RebuildTransferFunctionScriptingTraits (0ms)
			SetupTypeCache (1312ms)
			ReleaseScriptCaches (1ms)
			RebuildScriptCaches (185ms)
			SetupLoadedEditorAssemblies (1290ms)
				LogAssemblyErrors (0ms)
				InitializePlatformSupportModulesInManaged (7ms)
				SetLoadedEditorAssemblies (1ms)
				RefreshPlugins (1ms)
				BeforeProcessingInitializeOnLoad (135ms)
				ProcessInitializeOnLoadAttributes (1133ms)
				ProcessInitializeOnLoadMethodAttributes (9ms)
				AfterProcessingInitializeOnLoad (2ms)
				EditorAssembliesLoaded (1ms)
			ExecutionOrderSort2 (0ms)
			AwakeInstancesAfterBackupRestoration (12ms)
Platform modules already initialized, skipping
========================================================================
Worker process is ready to serve import requests
Launching external process: /Applications/Unity/Unity.app/Contents/Tools/UnityShaderCompiler
Launched and connected shader compiler UnityShaderCompiler after 0.08 seconds
Refreshing native plugins compatible for Editor in 1.02 ms, found 2 plugins.
Preloading 0 native plugins for Editor in 0.00 ms.
Unloading 3652 Unused Serialized files (Serialized files now loaded: 0)
System memory in use before: 250.7 MB.
System memory in use after: 250.8 MB.

Unloading 103 unused Assets to reduce memory usage. Loaded Objects now: 4081.
Total: 5.450207 ms (FindLiveObjects: 0.434980 ms CreateObjectMapping: 0.195821 ms MarkObjects: 4.632512 ms  DeleteObjects: 0.185224 ms)

AssetImportParameters requested are different than current active one (requested -> active):
  custom:video-decoder-ogg-theora: a1e56fd34408186e4bbccfd4996cb3dc -> 
  custom:container-muxer-webm: aa71ff27fc2769a1b78a27578f13a17b -> 
  custom:container-demuxer-webm: 4f35f7cbe854078d1ac9338744f61a02 -> 
  custom:container-demuxer-ogg: 62fdf1f143b41e24485cea50d1cbac27 -> 
  custom:video-encoder-webm-vp8: eb34c28f22e8b96e1ab97ce403110664 -> 
  custom:framework-osx-AVFoundation: b23960f63f64bdc6ff669e2cdcee2391 -> 
  custom:video-decoder-webm-vp8: 9c59270c3fd7afecdb556c50c9e8de78 -> 
  custom:audio-decoder-ogg-vorbis: bf7c407c2cedff20999df2af8eb42d56 -> 
  custom:audio-encoder-webm-vorbis: bf7c407c2cedff20999df2af8eb42d56 -> 
========================================================================
Received Import Request.
  path: Assets/Sprites/eye.png
  artifactKey: Guid(b27f12eb12c3549c99b9b37434fe9c48) Importer(815301076,1909f56bfc062723c751e8b465ee728b)
Start importing Assets/Sprites/eye.png using Guid(b27f12eb12c3549c99b9b37434fe9c48) Importer(815301076,1909f56bfc062723c751e8b465ee728b)  -> (artifact id: '6492ebc4f55926ce14bbb26853bcb69e') in 0.720798 seconds 
========================================================================
Received Import Request.
  Time since last request: 5.899166 seconds.
  path: Assets/Materials/Nivel-Piso1
  artifactKey: Guid(438d13068b12a644e962331b63e54fb3) Importer(815301076,1909f56bfc062723c751e8b465ee728b)
Start importing Assets/Materials/Nivel-Piso1 using Guid(438d13068b12a644e962331b63e54fb3) Importer(815301076,1909f56bfc062723c751e8b465ee728b)  -> (artifact id: '1a7eafac4087225f7dcb5f996341d4d8') in 0.023534 seconds 
========================================================================
Received Import Request.
  Time since last request: 13.528683 seconds.
  path: Assets/Scenes/Nivel 2.unity
  artifactKey: Guid(88134dd85d8f4eb4c9be6deb806f8e3c) Importer(815301076,1909f56bfc062723c751e8b465ee728b)
Start importing Assets/Scenes/Nivel 2.unity using Guid(88134dd85d8f4eb4c9be6deb806f8e3c) Importer(815301076,1909f56bfc062723c751e8b465ee728b)  -> (artifact id: 'a921bfd1a0cd20e1d063755f9a0e9414') in 0.015816 seconds 
========================================================================
Received Import Request.
  Time since last request: 2.185610 seconds.
  path: Assets/Scenes/Piso2.unity
  artifactKey: Guid(a457902120c9a492689199c1d8ed34d1) Importer(815301076,1909f56bfc062723c751e8b465ee728b)
Start importing Assets/Scenes/Piso2.unity using Guid(a457902120c9a492689199c1d8ed34d1) Importer(815301076,1909f56bfc062723c751e8b465ee728b)  -> (artifact id: 'ca53ed829661dae6f4c2611280fa9cdb') in 0.022252 seconds 
========================================================================
Received Import Request.
  Time since last request: 1.207435 seconds.
  path: Assets/Scenes/Piso1.unity
  artifactKey: Guid(05e24c7bfd205fd49a7082419a633fd9) Importer(815301076,1909f56bfc062723c751e8b465ee728b)
Start importing Assets/Scenes/Piso1.unity using Guid(05e24c7bfd205fd49a7082419a633fd9) Importer(815301076,1909f56bfc062723c751e8b465ee728b)  -> (artifact id: 'e03995d53af59e8cba743057c79a53b3') in 0.017858 seconds 
========================================================================
Received Import Request.
  Time since last request: 18.962098 seconds.
  path: Assets/Scenes/Tutorial.unity
  artifactKey: Guid(7fe35808d4f15d94ba5aa85a327a685f) Importer(815301076,1909f56bfc062723c751e8b465ee728b)
Start importing Assets/Scenes/Tutorial.unity using Guid(7fe35808d4f15d94ba5aa85a327a685f) Importer(815301076,1909f56bfc062723c751e8b465ee728b)  -> (artifact id: 'd5b9e6c98cfbffc2c537eed52d846a79') in 0.013689 seconds 
========================================================================
Received Import Request.
  Time since last request: 532.920090 seconds.
  path: Assets/Scenes/Nivel 2.unity
  artifactKey: Guid(88134dd85d8f4eb4c9be6deb806f8e3c) Importer(815301076,1909f56bfc062723c751e8b465ee728b)
Start importing Assets/Scenes/Nivel 2.unity using Guid(88134dd85d8f4eb4c9be6deb806f8e3c) Importer(815301076,1909f56bfc062723c751e8b465ee728b)  -> (artifact id: 'c55846b252d93b73a203dde3b97aca37') in 0.012317 seconds 
========================================================================
Received Import Request.
  Time since last request: 49.166557 seconds.
  path: Assets/FPS/Prefabs/Player.prefab
  artifactKey: Guid(761cdc9e4e883334cbdcea062d0befa7) Importer(815301076,1909f56bfc062723c751e8b465ee728b)
Start importing Assets/FPS/Prefabs/Player.prefab using Guid(761cdc9e4e883334cbdcea062d0befa7) Importer(815301076,1909f56bfc062723c751e8b465ee728b)  -> (artifact id: '4547cc806486e66c6318be23af4820ea') in 0.827973 seconds 
========================================================================
Received Import Request.
  Time since last request: 2127.354521 seconds.
  path: Assets/Sprites/Materials/D.mat
  artifactKey: Guid(6fede3090a5ecb040abc1ba9f765b727) Importer(815301076,1909f56bfc062723c751e8b465ee728b)
Start importing Assets/Sprites/Materials/D.mat using Guid(6fede3090a5ecb040abc1ba9f765b727) Importer(815301076,1909f56bfc062723c751e8b465ee728b)  -> (artifact id: '980a4e400bc22698a1702abf4835870a') in 0.609110 seconds 
========================================================================
Received Import Request.
  Time since last request: 0.000339 seconds.
  path: Assets/Sprites/Materials/Poster1.mat
  artifactKey: Guid(064d80e15c5c8e347a4175c18c150c19) Importer(815301076,1909f56bfc062723c751e8b465ee728b)
Start importing Assets/Sprites/Materials/Poster1.mat using Guid(064d80e15c5c8e347a4175c18c150c19) Importer(815301076,1909f56bfc062723c751e8b465ee728b)  -> (artifact id: '5c9bee7f744b8bb9b2036e1bab1cfc28') in 0.064169 seconds 
========================================================================
Received Import Request.
  Time since last request: 44.885734 seconds.
  path: Assets/Materials/Tutorial
  artifactKey: Guid(018c97befc11e5f49bad46f71eb42489) Importer(815301076,1909f56bfc062723c751e8b465ee728b)
Start importing Assets/Materials/Tutorial using Guid(018c97befc11e5f49bad46f71eb42489) Importer(815301076,1909f56bfc062723c751e8b465ee728b)  -> (artifact id: '4682727fd374c6b6eed469faf0c684ca') in 0.014390 seconds 
========================================================================
Received Import Request.
  Time since last request: 1.089685 seconds.
  path: Assets/RetroAesthetics/Textures/Grids/grid_256_medium.png
  artifactKey: Guid(5ebd0c854d95449728bead39ed524b54) Importer(815301076,1909f56bfc062723c751e8b465ee728b)
Start importing Assets/RetroAesthetics/Textures/Grids/grid_256_medium.png using Guid(5ebd0c854d95449728bead39ed524b54) Importer(815301076,1909f56bfc062723c751e8b465ee728b)  -> (artifact id: '4aecf1ddf366d5a541ab0ee2f420c43a') in 0.164297 seconds 
========================================================================
Received Import Request.
  Time since last request: 18.202087 seconds.
  path: Assets/ModAssets/Textures
  artifactKey: Guid(32dcbb5af5b5cab459a56bbf50e53bc9) Importer(815301076,1909f56bfc062723c751e8b465ee728b)
Start importing Assets/ModAssets/Textures using Guid(32dcbb5af5b5cab459a56bbf50e53bc9) Importer(815301076,1909f56bfc062723c751e8b465ee728b)  -> (artifact id: '6194a125c6774cca8c92932eaa6122e1') in 0.005597 seconds 
========================================================================
Received Import Request.
  Time since last request: 33.206042 seconds.
  path: Assets/Materials/Nivel-Piso2/Mat2.mat
  artifactKey: Guid(019a41c746a964ab1b1c3570b0f196fa) Importer(815301076,1909f56bfc062723c751e8b465ee728b)
Start importing Assets/Materials/Nivel-Piso2/Mat2.mat using Guid(019a41c746a964ab1b1c3570b0f196fa) Importer(815301076,1909f56bfc062723c751e8b465ee728b)  -> (artifact id: '324f16b42eb3ddfa04b0cb6de5b7d21e') in 0.066478 seconds 
========================================================================
Received Import Request.
  Time since last request: 5.620192 seconds.
  path: Assets/Materials/Nivel-Piso2/Mat1.mat
  artifactKey: Guid(7a1934b66c1fa4cbf9d2f04b72cb7527) Importer(815301076,1909f56bfc062723c751e8b465ee728b)
Start importing Assets/Materials/Nivel-Piso2/Mat1.mat using Guid(7a1934b66c1fa4cbf9d2f04b72cb7527) Importer(815301076,1909f56bfc062723c751e8b465ee728b)  -> (artifact id: '2650d89a75c8d0960622abf95485d737') in 0.078833 seconds 
========================================================================
Received Import Request.
  Time since last request: 47.694647 seconds.
  path: Assets/ModAssets/Textures/billboard_2D_basic.png
  artifactKey: Guid(6448011b459a14b05969ad3bf1a44890) Importer(815301076,1909f56bfc062723c751e8b465ee728b)
Start importing Assets/ModAssets/Textures/billboard_2D_basic.png using Guid(6448011b459a14b05969ad3bf1a44890) Importer(815301076,1909f56bfc062723c751e8b465ee728b)  -> (artifact id: 'e6276be231559ff800bff7d9ec88aaf4') in 0.142381 seconds 
========================================================================
Received Import Request.
  Time since last request: 0.000478 seconds.
  path: Assets/ModAssets/Textures/billboard_2D_basic_mask.png
  artifactKey: Guid(ddff50e8139db4a99976adb5f40c79f0) Importer(815301076,1909f56bfc062723c751e8b465ee728b)
Start importing Assets/ModAssets/Textures/billboard_2D_basic_mask.png using Guid(ddff50e8139db4a99976adb5f40c79f0) Importer(815301076,1909f56bfc062723c751e8b465ee728b)  -> (artifact id: '24b2571218e6cb9b7413bfba5968bc55') in 0.069297 seconds 
========================================================================
Received Import Request.
  Time since last request: 0.000379 seconds.
  path: Assets/ModAssets/Textures/billboard_2D_tall.png
  artifactKey: Guid(50b2c32ff3de94988a61633cb19060de) Importer(815301076,1909f56bfc062723c751e8b465ee728b)
Start importing Assets/ModAssets/Textures/billboard_2D_tall.png using Guid(50b2c32ff3de94988a61633cb19060de) Importer(815301076,1909f56bfc062723c751e8b465ee728b)  -> (artifact id: '2874416ec1d2d2f386e2f6c3b3fcffbe') in 0.040980 seconds 
========================================================================
Received Import Request.
  Time since last request: 9.016697 seconds.
  path: Assets/RetroAesthetics/Textures/Frames/frame512_4.png
  artifactKey: Guid(42d845170c42f4d798a3136899883edc) Importer(815301076,1909f56bfc062723c751e8b465ee728b)
Start importing Assets/RetroAesthetics/Textures/Frames/frame512_4.png using Guid(42d845170c42f4d798a3136899883edc) Importer(815301076,1909f56bfc062723c751e8b465ee728b)  -> (artifact id: '3ec0c755c1b745a0bc66ccde9b325620') in 0.016554 seconds 
========================================================================
Received Import Request.
  Time since last request: 0.000269 seconds.
  path: Assets/FPS/Art/Textures/UI/Gradiants.png
  artifactKey: Guid(69a090905eb8e8540b8a413214c097fb) Importer(815301076,1909f56bfc062723c751e8b465ee728b)
Start importing Assets/FPS/Art/Textures/UI/Gradiants.png using Guid(69a090905eb8e8540b8a413214c097fb) Importer(815301076,1909f56bfc062723c751e8b465ee728b)  -> (artifact id: '943cd9f15924a1f4203d163cc8f1a0ca') in 0.058433 seconds 
========================================================================
Received Import Request.
  Time since last request: 0.000290 seconds.
  path: Assets/RetroAesthetics/Textures/Grids/grid_256_thin.png
  artifactKey: Guid(cf65bc406b9804b42aeafd5208fcf555) Importer(815301076,1909f56bfc062723c751e8b465ee728b)
Start importing Assets/RetroAesthetics/Textures/Grids/grid_256_thin.png using Guid(cf65bc406b9804b42aeafd5208fcf555) Importer(815301076,1909f56bfc062723c751e8b465ee728b)  -> (artifact id: '892448e1da7eed575e980b6c93d9f455') in 0.028928 seconds 
========================================================================
Received Import Request.
  Time since last request: 0.002892 seconds.
  path: Assets/FPS/Tutorials/BuildAndPublish/header-completed.png
  artifactKey: Guid(f3cffb91162b24b428d0f2ab4831d5e7) Importer(815301076,1909f56bfc062723c751e8b465ee728b)
Start importing Assets/FPS/Tutorials/BuildAndPublish/header-completed.png using Guid(f3cffb91162b24b428d0f2ab4831d5e7) Importer(815301076,1909f56bfc062723c751e8b465ee728b)  -> (artifact id: '41a6f26a03f8ca152056ccefa57e8988') in 0.021735 seconds 
========================================================================
Received Import Request.
  Time since last request: 0.000323 seconds.
  path: Assets/FPS/Art/Textures/VFX/HealthPickUp.png
  artifactKey: Guid(1db7d13cbbcf85147a0ec509db6864ac) Importer(815301076,1909f56bfc062723c751e8b465ee728b)
Start importing Assets/FPS/Art/Textures/VFX/HealthPickUp.png using Guid(1db7d13cbbcf85147a0ec509db6864ac) Importer(815301076,1909f56bfc062723c751e8b465ee728b)  -> (artifact id: '84c8de99eb257122d5d4f4fc48bea878') in 0.059239 seconds 
========================================================================
Received Import Request.
  Time since last request: 0.000306 seconds.
  path: Assets/FPS/Art/Textures/Pickups/HealthPickup_AO.png
  artifactKey: Guid(eea8ae6f986e93c4ea8ee71ef8316494) Importer(815301076,1909f56bfc062723c751e8b465ee728b)
Start importing Assets/FPS/Art/Textures/Pickups/HealthPickup_AO.png using Guid(eea8ae6f986e93c4ea8ee71ef8316494) Importer(815301076,1909f56bfc062723c751e8b465ee728b)  -> (artifact id: 'eac84153a88b8af26101094e63e9460f') in 0.026572 seconds 
========================================================================
Received Import Request.
  Time since last request: 0.001382 seconds.
  path: Assets/FPS/Art/Textures/Pickups/HealthPickup_Albedo.png
  artifactKey: Guid(4d2d1f6aa382039488da6502c1b80269) Importer(815301076,1909f56bfc062723c751e8b465ee728b)
Start importing Assets/FPS/Art/Textures/Pickups/HealthPickup_Albedo.png using Guid(4d2d1f6aa382039488da6502c1b80269) Importer(815301076,1909f56bfc062723c751e8b465ee728b)  -> (artifact id: 'f1104f7b1e4f61b850a9c9967cff8aff') in 0.036747 seconds 
========================================================================
Received Import Request.
  Time since last request: 0.570762 seconds.
  path: Assets/FPS/Art/Textures/Pickups/HealthPickup_Emissive.png
  artifactKey: Guid(4558c3ebd7b7e9640a0fc519b2820838) Importer(815301076,1909f56bfc062723c751e8b465ee728b)
Start importing Assets/FPS/Art/Textures/Pickups/HealthPickup_Emissive.png using Guid(4558c3ebd7b7e9640a0fc519b2820838) Importer(815301076,1909f56bfc062723c751e8b465ee728b)  -> (artifact id: '5840c59bfa650768ffb2b11672af1496') in 0.016749 seconds 
========================================================================
Received Import Request.
  Time since last request: 0.000689 seconds.
  path: Assets/FPS/Art/Textures/Pickups/HealthPickup_Normal.png
  artifactKey: Guid(32ab303fd8503904eaf5730b49dd3784) Importer(815301076,1909f56bfc062723c751e8b465ee728b)
Start importing Assets/FPS/Art/Textures/Pickups/HealthPickup_Normal.png using Guid(32ab303fd8503904eaf5730b49dd3784) Importer(815301076,1909f56bfc062723c751e8b465ee728b)  -> (artifact id: 'ca8a22db0d017771be3214a0f0edb45f') in 0.220809 seconds 
========================================================================
Received Import Request.
  Time since last request: 1.207233 seconds.
  path: Assets/RetroAesthetics/Textures/Frames/frame512_2.png
  artifactKey: Guid(914077f20908c4a9ca00ca0e94972724) Importer(815301076,1909f56bfc062723c751e8b465ee728b)
Start importing Assets/RetroAesthetics/Textures/Frames/frame512_2.png using Guid(914077f20908c4a9ca00ca0e94972724) Importer(815301076,1909f56bfc062723c751e8b465ee728b)  -> (artifact id: 'e47d6f90d969c08a9e8a510fcd802c9e') in 0.018828 seconds 
========================================================================
Received Import Request.
  Time since last request: 0.000367 seconds.
  path: Assets/RetroAesthetics/Textures/Frames/frame512_3.png
  artifactKey: Guid(5a2983bac4abe42b68a221c3fe99f7a8) Importer(815301076,1909f56bfc062723c751e8b465ee728b)
Start importing Assets/RetroAesthetics/Textures/Frames/frame512_3.png using Guid(5a2983bac4abe42b68a221c3fe99f7a8) Importer(815301076,1909f56bfc062723c751e8b465ee728b)  -> (artifact id: 'def05a72ef2e043c97904e8c9ec3ca77') in 0.054678 seconds 
========================================================================
Received Import Request.
  Time since last request: 5.691046 seconds.
  path: Assets/ModAssets/Textures/billboard_2D_tall_mask.png
  artifactKey: Guid(bbe8d33a81a0549ce8ab1cee4aa7db2a) Importer(815301076,1909f56bfc062723c751e8b465ee728b)
Start importing Assets/ModAssets/Textures/billboard_2D_tall_mask.png using Guid(bbe8d33a81a0549ce8ab1cee4aa7db2a) Importer(815301076,1909f56bfc062723c751e8b465ee728b)  -> (artifact id: '4a64c08561593a1e975459e6bc97c962') in 0.041074 seconds 
========================================================================
Received Import Request.
  Time since last request: 0.000359 seconds.
  path: Assets/ModAssets/Textures/billboard_2D_wide.png
  artifactKey: Guid(3142e986a20354e5c9b3394e5ff7ae12) Importer(815301076,1909f56bfc062723c751e8b465ee728b)
Start importing Assets/ModAssets/Textures/billboard_2D_wide.png using Guid(3142e986a20354e5c9b3394e5ff7ae12) Importer(815301076,1909f56bfc062723c751e8b465ee728b)  -> (artifact id: 'c7211c15853ffb8766f97bb05f9d8c21') in 0.064180 seconds 
========================================================================
Received Import Request.
  Time since last request: 0.404980 seconds.
  path: Assets/ModAssets/Textures/billboard_2D_wide_mask.png
  artifactKey: Guid(d88311d2ea92740ed9e0274f02825ccf) Importer(815301076,1909f56bfc062723c751e8b465ee728b)
Start importing Assets/ModAssets/Textures/billboard_2D_wide_mask.png using Guid(d88311d2ea92740ed9e0274f02825ccf) Importer(815301076,1909f56bfc062723c751e8b465ee728b)  -> (artifact id: '45d7bb3c2c62edf9957191f97d6afb1b') in 0.024344 seconds 
========================================================================
Received Import Request.
  Time since last request: 0.072182 seconds.
  path: Assets/RetroAesthetics/Textures/UVs/black_512.png
  artifactKey: Guid(ac3e6498f02c14ceba1a20b08f9fb562) Importer(815301076,1909f56bfc062723c751e8b465ee728b)
Start importing Assets/RetroAesthetics/Textures/UVs/black_512.png using Guid(ac3e6498f02c14ceba1a20b08f9fb562) Importer(815301076,1909f56bfc062723c751e8b465ee728b)  -> (artifact id: '92306abdd2bb8343594d02cfcc6e72ce') in 0.023940 seconds 
========================================================================
Received Import Request.
  Time since last request: 0.000280 seconds.
  path: Assets/FPS/Art/Textures/Weapons/Blaster_Albedo.png
  artifactKey: Guid(2c9688f40fc3cee4385095385978b2a1) Importer(815301076,1909f56bfc062723c751e8b465ee728b)
Start importing Assets/FPS/Art/Textures/Weapons/Blaster_Albedo.png using Guid(2c9688f40fc3cee4385095385978b2a1) Importer(815301076,1909f56bfc062723c751e8b465ee728b)  -> (artifact id: '4c2962be4cf6d1b99c062bcfe652a91a') in 0.038474 seconds 
========================================================================
Received Import Request.
  Time since last request: 0.212901 seconds.
  path: Assets/FPS/Art/Textures/Weapons/Blaster_AO.png
  artifactKey: Guid(9cd58a9aecb05e0469292eacbd6f6e13) Importer(815301076,1909f56bfc062723c751e8b465ee728b)
Start importing Assets/FPS/Art/Textures/Weapons/Blaster_AO.png using Guid(9cd58a9aecb05e0469292eacbd6f6e13) Importer(815301076,1909f56bfc062723c751e8b465ee728b)  -> (artifact id: '6d6e602487b1df393f2f5afcf0a6db99') in 0.063348 seconds 
========================================================================
Received Import Request.
  Time since last request: 0.000384 seconds.
  path: Assets/FPS/Art/Textures/Weapons/Blaster_Emissive.png
  artifactKey: Guid(20b216283c466304b861dd810ff1afac) Importer(815301076,1909f56bfc062723c751e8b465ee728b)
Start importing Assets/FPS/Art/Textures/Weapons/Blaster_Emissive.png using Guid(20b216283c466304b861dd810ff1afac) Importer(815301076,1909f56bfc062723c751e8b465ee728b)  -> (artifact id: '95ecb5ee73f01d6bb89be5d947884891') in 0.040563 seconds 
========================================================================
Received Import Request.
  Time since last request: 0.002629 seconds.
  path: Assets/FPS/Art/Textures/Weapons/Blaster_MetallicSmooth.png
  artifactKey: Guid(1e3afee8a77520246b5e9d25112044aa) Importer(815301076,1909f56bfc062723c751e8b465ee728b)
Start importing Assets/FPS/Art/Textures/Weapons/Blaster_MetallicSmooth.png using Guid(1e3afee8a77520246b5e9d25112044aa) Importer(815301076,1909f56bfc062723c751e8b465ee728b)  -> (artifact id: '700a6a97e2c7a3e3cc536a2a895092fd') in 0.041201 seconds 
========================================================================
Received Import Request.
  Time since last request: 0.000375 seconds.
  path: Assets/FPS/Art/Textures/Weapons/Blaster_Normal.png
  artifactKey: Guid(e36972727074c2140a88fcc791bef9ba) Importer(815301076,1909f56bfc062723c751e8b465ee728b)
Start importing Assets/FPS/Art/Textures/Weapons/Blaster_Normal.png using Guid(e36972727074c2140a88fcc791bef9ba) Importer(815301076,1909f56bfc062723c751e8b465ee728b)  -> (artifact id: '5e70d3bb6d50895668018d8d58977307') in 0.030370 seconds 
========================================================================
Received Import Request.
  Time since last request: 0.125019 seconds.
  path: Assets/FPS/Tutorials/BotIcon.png
  artifactKey: Guid(f6b78880543bf4e91bd85801abd1ab8d) Importer(815301076,1909f56bfc062723c751e8b465ee728b)
Start importing Assets/FPS/Tutorials/BotIcon.png using Guid(f6b78880543bf4e91bd85801abd1ab8d) Importer(815301076,1909f56bfc062723c751e8b465ee728b)  -> (artifact id: 'edf72d26a11d0961969c8aa50552be18') in 0.020636 seconds 
========================================================================
Received Import Request.
  Time since last request: 0.000409 seconds.
  path: Assets/RetroAesthetics/Textures/UVs/bw_512.png
  artifactKey: Guid(a7495c967c8f4493998b0fc6ea81c28b) Importer(815301076,1909f56bfc062723c751e8b465ee728b)
Start importing Assets/RetroAesthetics/Textures/UVs/bw_512.png using Guid(a7495c967c8f4493998b0fc6ea81c28b) Importer(815301076,1909f56bfc062723c751e8b465ee728b)  -> (artifact id: 'cbfcccac733c03695d51d70c27611bae') in 0.024132 seconds 
========================================================================
Received Import Request.
  Time since last request: 0.042550 seconds.
  path: Assets/RetroAesthetics/Textures/UVs/bw_512_2.png
  artifactKey: Guid(f4e32ef6b8c394f1c8029e2c35057801) Importer(815301076,1909f56bfc062723c751e8b465ee728b)
Start importing Assets/RetroAesthetics/Textures/UVs/bw_512_2.png using Guid(f4e32ef6b8c394f1c8029e2c35057801) Importer(815301076,1909f56bfc062723c751e8b465ee728b)  -> (artifact id: '0caa1af0a78cfaa73551af08d66da46b') in 0.043214 seconds 
========================================================================
Received Import Request.
  Time since last request: 0.000291 seconds.
  path: Assets/FPS/Art/Textures/UI/CloseBtn_Icon.png
  artifactKey: Guid(2883dea87a05ddc4489db71bdbf6a412) Importer(815301076,1909f56bfc062723c751e8b465ee728b)
Start importing Assets/FPS/Art/Textures/UI/CloseBtn_Icon.png using Guid(2883dea87a05ddc4489db71bdbf6a412) Importer(815301076,1909f56bfc062723c751e8b465ee728b)  -> (artifact id: '9685447fce8520b18e659511b48c0c72') in 0.063490 seconds 
========================================================================
Received Import Request.
  Time since last request: 0.175582 seconds.
  path: Assets/FPS/Art/Textures/UI/ControlScheme_PopUp.png
  artifactKey: Guid(d873f089db0e2f54884c58e49b0a1ede) Importer(815301076,1909f56bfc062723c751e8b465ee728b)
Start importing Assets/FPS/Art/Textures/UI/ControlScheme_PopUp.png using Guid(d873f089db0e2f54884c58e49b0a1ede) Importer(815301076,1909f56bfc062723c751e8b465ee728b)  -> (artifact id: 'a0b94f5bd45a3623e2727264e98eff62') in 0.054857 seconds 
========================================================================
Received Import Request.
  Time since last request: 0.000526 seconds.
  path: Assets/FPS/Art/Textures/UI/Crosshair_Blaster_Side.png
  artifactKey: Guid(e87f35a57d7a270469ddf9121f29d506) Importer(815301076,1909f56bfc062723c751e8b465ee728b)
Start importing Assets/FPS/Art/Textures/UI/Crosshair_Blaster_Side.png using Guid(e87f35a57d7a270469ddf9121f29d506) Importer(815301076,1909f56bfc062723c751e8b465ee728b)  -> (artifact id: 'e8b83e1ca562125bdba95ffb2de71d02') in 0.055673 seconds 
========================================================================
Received Import Request.
  Time since last request: 0.000331 seconds.
  path: Assets/FPS/Art/Textures/UI/Crosshair_Blaster_Center.png
  artifactKey: Guid(2b5b80f3ebc88174a8c662e280fdb09c) Importer(815301076,1909f56bfc062723c751e8b465ee728b)
Start importing Assets/FPS/Art/Textures/UI/Crosshair_Blaster_Center.png using Guid(2b5b80f3ebc88174a8c662e280fdb09c) Importer(815301076,1909f56bfc062723c751e8b465ee728b)  -> (artifact id: '9301089b5437c828f0ccf0b0c1c2fda4') in 0.050899 seconds 
========================================================================
Received Import Request.
  Time since last request: 0.230442 seconds.
  path: Assets/FPS/Art/Textures/UI/Crosshair_Drop.png
  artifactKey: Guid(14aa1febcf423c84997aa10d7ff64d17) Importer(815301076,1909f56bfc062723c751e8b465ee728b)
Start importing Assets/FPS/Art/Textures/UI/Crosshair_Drop.png using Guid(14aa1febcf423c84997aa10d7ff64d17) Importer(815301076,1909f56bfc062723c751e8b465ee728b)  -> (artifact id: '86fa62ac1640add164032ef9c8815db9') in 0.026592 seconds 
========================================================================
Received Import Request.
  Time since last request: 0.000354 seconds.
  path: Assets/FPS/Art/Textures/UI/Crosshair_Hexa.png
  artifactKey: Guid(e881aa18189b12f4e915fc5b14ddc421) Importer(815301076,1909f56bfc062723c751e8b465ee728b)
Start importing Assets/FPS/Art/Textures/UI/Crosshair_Hexa.png using Guid(e881aa18189b12f4e915fc5b14ddc421) Importer(815301076,1909f56bfc062723c751e8b465ee728b)  -> (artifact id: '27ea3619a30bcbe7a1e47e734ae755bb') in 0.071996 seconds 
========================================================================
Received Import Request.
  Time since last request: 0.000383 seconds.
  path: Assets/FPS/Art/Textures/UI/Crosshair_Shotgun_Circle.png
  artifactKey: Guid(2962952d6e5ae7342a298d45a3945069) Importer(815301076,1909f56bfc062723c751e8b465ee728b)
Start importing Assets/FPS/Art/Textures/UI/Crosshair_Shotgun_Circle.png using Guid(2962952d6e5ae7342a298d45a3945069) Importer(815301076,1909f56bfc062723c751e8b465ee728b)  -> (artifact id: 'e9f098edd253eede87933f21fa757341') in 0.044752 seconds 
========================================================================
Received Import Request.
  Time since last request: 0.244992 seconds.
  path: Assets/RetroAesthetics/Textures/Decorations/decoration_eject.png
  artifactKey: Guid(3c396ed5f26a54eda960adbdc0851682) Importer(815301076,1909f56bfc062723c751e8b465ee728b)
Start importing Assets/RetroAesthetics/Textures/Decorations/decoration_eject.png using Guid(3c396ed5f26a54eda960adbdc0851682) Importer(815301076,1909f56bfc062723c751e8b465ee728b)  -> (artifact id: '445acafb38a524065c98f793e434e5da') in 0.024807 seconds 
========================================================================
Received Import Request.
  Time since last request: 0.000263 seconds.
  path: Assets/RetroAesthetics/Textures/Decorations/decoration_glare01.png
  artifactKey: Guid(f05983cfab40e40059fe5d58b6952ac2) Importer(815301076,1909f56bfc062723c751e8b465ee728b)
Start importing Assets/RetroAesthetics/Textures/Decorations/decoration_glare01.png using Guid(f05983cfab40e40059fe5d58b6952ac2) Importer(815301076,1909f56bfc062723c751e8b465ee728b)  -> (artifact id: 'e5c8bfe3d7af85d6b4cb032c251a1925') in 0.035488 seconds 
========================================================================
Received Import Request.
  Time since last request: 0.000459 seconds.
  path: Assets/RetroAesthetics/Textures/Decorations/decoration_line01.png
  artifactKey: Guid(157481b600a0242a1b87e1b44306034b) Importer(815301076,1909f56bfc062723c751e8b465ee728b)
Start importing Assets/RetroAesthetics/Textures/Decorations/decoration_line01.png using Guid(157481b600a0242a1b87e1b44306034b) Importer(815301076,1909f56bfc062723c751e8b465ee728b)  -> (artifact id: '34a2a94fa51c767af77799a775d9d37d') in 0.024276 seconds 
========================================================================
Received Import Request.
  Time since last request: 0.055913 seconds.
  path: Assets/RetroAesthetics/Textures/Decorations/decoration_pause.png
  artifactKey: Guid(067bccb974dda4a22b9c099242fb4b04) Importer(815301076,1909f56bfc062723c751e8b465ee728b)
Start importing Assets/RetroAesthetics/Textures/Decorations/decoration_pause.png using Guid(067bccb974dda4a22b9c099242fb4b04) Importer(815301076,1909f56bfc062723c751e8b465ee728b)  -> (artifact id: 'ce96adc7edbe6513b0150b144537756b') in 0.041351 seconds 
========================================================================
Received Import Request.
  Time since last request: 0.000839 seconds.
  path: Assets/RetroAesthetics/Textures/Decorations/decoration_primitive_circle.png
  artifactKey: Guid(6cf0fe699d51b46efa2cd82fddce3373) Importer(815301076,1909f56bfc062723c751e8b465ee728b)
Start importing Assets/RetroAesthetics/Textures/Decorations/decoration_primitive_circle.png using Guid(6cf0fe699d51b46efa2cd82fddce3373) Importer(815301076,1909f56bfc062723c751e8b465ee728b)  -> (artifact id: '6985b14f9924863634e7e6ddeb915558') in 0.062616 seconds 
========================================================================
Received Import Request.
  Time since last request: 0.037147 seconds.
  path: Assets/RetroAesthetics/Textures/Decorations/decoration_primitive_hexagon.png
  artifactKey: Guid(3d794ddd7b9024b709b70733f69553df) Importer(815301076,1909f56bfc062723c751e8b465ee728b)
Start importing Assets/RetroAesthetics/Textures/Decorations/decoration_primitive_hexagon.png using Guid(3d794ddd7b9024b709b70733f69553df) Importer(815301076,1909f56bfc062723c751e8b465ee728b)  -> (artifact id: 'e1f570efb1794e762f64bad862f871d6') in 0.036138 seconds 
========================================================================
Received Import Request.
  Time since last request: 0.000326 seconds.
  path: Assets/RetroAesthetics/Textures/Decorations/decoration_primitive_round.png
  artifactKey: Guid(a5df1588e91dc4fdd871300ee76df8ee) Importer(815301076,1909f56bfc062723c751e8b465ee728b)
Start importing Assets/RetroAesthetics/Textures/Decorations/decoration_primitive_round.png using Guid(a5df1588e91dc4fdd871300ee76df8ee) Importer(815301076,1909f56bfc062723c751e8b465ee728b)  -> (artifact id: '9c36b1b5b0b432af6233a5857b7da21f') in 0.082061 seconds 
========================================================================
Received Import Request.
  Time since last request: 0.032779 seconds.
  path: Assets/RetroAesthetics/Textures/Decorations/decoration_primitive_square.png
  artifactKey: Guid(766c87bb0fe66458a87c85075b44ac3a) Importer(815301076,1909f56bfc062723c751e8b465ee728b)
Start importing Assets/RetroAesthetics/Textures/Decorations/decoration_primitive_square.png using Guid(766c87bb0fe66458a87c85075b44ac3a) Importer(815301076,1909f56bfc062723c751e8b465ee728b)  -> (artifact id: '32bee2835a745bebc4923d5bb62bac0f') in 0.024869 seconds 
========================================================================
Received Import Request.
  Time since last request: 0.000485 seconds.
  path: Assets/RetroAesthetics/Textures/Decorations/decoration_triangle01.png
  artifactKey: Guid(38ba7d26af8954490837a2cd49dab0dc) Importer(815301076,1909f56bfc062723c751e8b465ee728b)
Start importing Assets/RetroAesthetics/Textures/Decorations/decoration_triangle01.png using Guid(38ba7d26af8954490837a2cd49dab0dc) Importer(815301076,1909f56bfc062723c751e8b465ee728b)  -> (artifact id: '55aa92376120641e65e4c99f1cfa55a4') in 0.056431 seconds 
========================================================================
Received Import Request.
  Time since last request: 0.000360 seconds.
  path: Assets/RetroAesthetics/Textures/Decorations/decoration_stripes01.png
  artifactKey: Guid(d8a30bea966e04d4c8fc5cd9c7b00335) Importer(815301076,1909f56bfc062723c751e8b465ee728b)
Start importing Assets/RetroAesthetics/Textures/Decorations/decoration_stripes01.png using Guid(d8a30bea966e04d4c8fc5cd9c7b00335) Importer(815301076,1909f56bfc062723c751e8b465ee728b)  -> (artifact id: 'b28d3abbdf991582b9939ee0fa4ec318') in 0.029756 seconds 
========================================================================
Received Import Request.
  Time since last request: 0.000319 seconds.
  path: Assets/RetroAesthetics/Textures/Decorations/decoration_radial_grad_white.png
  artifactKey: Guid(b8e691214762b43ceb216110c6248bd3) Importer(815301076,1909f56bfc062723c751e8b465ee728b)
Start importing Assets/RetroAesthetics/Textures/Decorations/decoration_radial_grad_white.png using Guid(b8e691214762b43ceb216110c6248bd3) Importer(815301076,1909f56bfc062723c751e8b465ee728b)  -> (artifact id: 'd5cfa5db984290a6cbb2461c249ad67e') in 0.150721 seconds 
========================================================================
Received Import Request.
  Time since last request: 0.000774 seconds.
  path: Assets/RetroAesthetics/Textures/Decorations/decoration_triangle03.png
  artifactKey: Guid(3b5a7533a38874d789b2bd457b801694) Importer(815301076,1909f56bfc062723c751e8b465ee728b)
Start importing Assets/RetroAesthetics/Textures/Decorations/decoration_triangle03.png using Guid(3b5a7533a38874d789b2bd457b801694) Importer(815301076,1909f56bfc062723c751e8b465ee728b)  -> (artifact id: '83ea3e072883a7e1a32a261e85a6762d') in 0.079531 seconds 
========================================================================
Received Import Request.
  Time since last request: 0.000368 seconds.
  path: Assets/RetroAesthetics/Textures/Decorations/decoration_triangle02.png
  artifactKey: Guid(0990d9bc3bb4a40b69ae941176beddce) Importer(815301076,1909f56bfc062723c751e8b465ee728b)
Start importing Assets/RetroAesthetics/Textures/Decorations/decoration_triangle02.png using Guid(0990d9bc3bb4a40b69ae941176beddce) Importer(815301076,1909f56bfc062723c751e8b465ee728b)  -> (artifact id: '677055c800bf848be06264a3c9d8a4a1') in 0.054136 seconds 
========================================================================
Received Import Request.
  Time since last request: 13.112035 seconds.
  path: Assets/Scenes/Nivel 2.unity
  artifactKey: Guid(88134dd85d8f4eb4c9be6deb806f8e3c) Importer(815301076,1909f56bfc062723c751e8b465ee728b)
Start importing Assets/Scenes/Nivel 2.unity using Guid(88134dd85d8f4eb4c9be6deb806f8e3c) Importer(815301076,1909f56bfc062723c751e8b465ee728b)  -> (artifact id: 'daa1eb12c058b5d62edc62f36ea68c31') in 0.003722 seconds 
========================================================================
Received Import Request.
  Time since last request: 49.546351 seconds.
  path: Assets/Materials/Nivel-Piso2/Mat2.mat
  artifactKey: Guid(019a41c746a964ab1b1c3570b0f196fa) Importer(815301076,1909f56bfc062723c751e8b465ee728b)
Start importing Assets/Materials/Nivel-Piso2/Mat2.mat using Guid(019a41c746a964ab1b1c3570b0f196fa) Importer(815301076,1909f56bfc062723c751e8b465ee728b)  -> (artifact id: '6fe6d5a8ed3dab6983211a87633344c3') in 0.050563 seconds 
========================================================================
Received Import Request.
  Time since last request: 305.366708 seconds.
  path: Assets/Materials/Nivel-Piso2/Mat2.mat
  artifactKey: Guid(019a41c746a964ab1b1c3570b0f196fa) Importer(815301076,1909f56bfc062723c751e8b465ee728b)
Start importing Assets/Materials/Nivel-Piso2/Mat2.mat using Guid(019a41c746a964ab1b1c3570b0f196fa) Importer(815301076,1909f56bfc062723c751e8b465ee728b)  -> (artifact id: '0e668e9177a1b8b494b513822ea8092a') in 0.578664 seconds 
========================================================================
Received Import Request.
  Time since last request: 175.374581 seconds.
  path: Assets/Materials/Nivel-Piso2/Mat2.mat
  artifactKey: Guid(019a41c746a964ab1b1c3570b0f196fa) Importer(815301076,1909f56bfc062723c751e8b465ee728b)
Start importing Assets/Materials/Nivel-Piso2/Mat2.mat using Guid(019a41c746a964ab1b1c3570b0f196fa) Importer(815301076,1909f56bfc062723c751e8b465ee728b)  -> (artifact id: 'd3501149560247e88dc6998215d9a97d') in 0.106231 seconds 
========================================================================
Received Import Request.
  Time since last request: 1460.122496 seconds.
  path: Assets/Materials/Nivel-Piso2/Cross.prefab
  artifactKey: Guid(d30e3b23ba7b440d09ee845a254312c4) Importer(815301076,1909f56bfc062723c751e8b465ee728b)
Start importing Assets/Materials/Nivel-Piso2/Cross.prefab using Guid(d30e3b23ba7b440d09ee845a254312c4) Importer(815301076,1909f56bfc062723c751e8b465ee728b)  -> (artifact id: '772c92effea756bf01dccce5812a8a43') in 0.312764 seconds 
========================================================================
Received Import Request.
  Time since last request: 17.684540 seconds.
  path: Assets/ProBuilder Data/Default Material Palette.asset
  artifactKey: Guid(e5a15caeb02ec3747ae973ad033132a7) Importer(815301076,1909f56bfc062723c751e8b465ee728b)
Start importing Assets/ProBuilder Data/Default Material Palette.asset using Guid(e5a15caeb02ec3747ae973ad033132a7) Importer(815301076,1909f56bfc062723c751e8b465ee728b)  -> (artifact id: '8bd72a7a3fd45d26246479ad4fcd6e7c') in 0.351691 seconds 
========================================================================
Received Import Request.
  Time since last request: 3.461602 seconds.
  path: Assets/Sounds/disparoEscopeta.flac
  artifactKey: Guid(15a951b12416a7c44ab427d929f37613) Importer(815301076,1909f56bfc062723c751e8b465ee728b)
Start importing Assets/Sounds/disparoEscopeta.flac using Guid(15a951b12416a7c44ab427d929f37613) Importer(815301076,1909f56bfc062723c751e8b465ee728b)  -> (artifact id: 'de75cfc98b9a48e33783199ba03d1d21') in 0.728063 seconds 
========================================================================
Received Import Request.
  Time since last request: 0.000397 seconds.
  path: Assets/Sounds/disparoSMG.wav
  artifactKey: Guid(7ab2500a2867c2946b5355c5fcbd4206) Importer(815301076,1909f56bfc062723c751e8b465ee728b)
Start importing Assets/Sounds/disparoSMG.wav using Guid(7ab2500a2867c2946b5355c5fcbd4206) Importer(815301076,1909f56bfc062723c751e8b465ee728b)  -> (artifact id: '27187a03c0bb9158aaab27ea716754c1') in 0.615893 seconds 
========================================================================
Received Import Request.
  Time since last request: 2.736631 seconds.
  path: Assets/Sounds/Tutorial
  artifactKey: Guid(d63e61950faaa0043b75f1bba19070bc) Importer(815301076,1909f56bfc062723c751e8b465ee728b)
Start importing Assets/Sounds/Tutorial using Guid(d63e61950faaa0043b75f1bba19070bc) Importer(815301076,1909f56bfc062723c751e8b465ee728b)  -> (artifact id: 'c2156f6925a2f08ecf68c622e3ba8e25') in 0.008109 seconds 
========================================================================
Received Import Request.
  Time since last request: 0.045568 seconds.
  path: Assets/Sounds/Tutorial/Encom Part I.wav
  artifactKey: Guid(0d98caf915fd9da40966c2f3de06ad05) Importer(815301076,1909f56bfc062723c751e8b465ee728b)
Start importing Assets/Sounds/Tutorial/Encom Part I.wav using Guid(0d98caf915fd9da40966c2f3de06ad05) Importer(815301076,1909f56bfc062723c751e8b465ee728b)  -> (artifact id: '675dcc82de591eed4a9072292b288fd3') in 0.041477 seconds 
========================================================================
Received Import Request.
  Time since last request: 22.023858 seconds.
  path: Assets/FPS/Prefabs
  artifactKey: Guid(65b43a85cb457704a8b23d16f6f85da7) Importer(815301076,1909f56bfc062723c751e8b465ee728b)
Start importing Assets/FPS/Prefabs using Guid(65b43a85cb457704a8b23d16f6f85da7) Importer(815301076,1909f56bfc062723c751e8b465ee728b)  -> (artifact id: '0731a99dc3421f7e199414cb52f2a35e') in 0.006221 seconds 
========================================================================
Received Import Request.
  Time since last request: 4.773208 seconds.
  path: Assets/FPS/Prefabs/Level
  artifactKey: Guid(8e96c28432351a64485a29913decece4) Importer(815301076,1909f56bfc062723c751e8b465ee728b)
Start importing Assets/FPS/Prefabs/Level using Guid(8e96c28432351a64485a29913decece4) Importer(815301076,1909f56bfc062723c751e8b465ee728b)  -> (artifact id: 'f486803821b4e7108c4d02c6617c2b16') in 0.008073 seconds 
========================================================================
Received Import Request.
  Time since last request: 5.800060 seconds.
  path: Assets/FPS/Prefabs/Level/MainLvl
  artifactKey: Guid(f531744cd4f89bf45be3ab5f26ddc30c) Importer(815301076,1909f56bfc062723c751e8b465ee728b)
Start importing Assets/FPS/Prefabs/Level/MainLvl using Guid(f531744cd4f89bf45be3ab5f26ddc30c) Importer(815301076,1909f56bfc062723c751e8b465ee728b)  -> (artifact id: '3915ebd5c96de64a64889278feb5efdc') in 0.007449 seconds 
========================================================================
Received Import Request.
  Time since last request: 1.448709 seconds.
  path: Assets/FPS/Prefabs/Level/MainLvl/Section1
  artifactKey: Guid(fb2302e8c1e0690458332824f2ba5b1f) Importer(815301076,1909f56bfc062723c751e8b465ee728b)
Start importing Assets/FPS/Prefabs/Level/MainLvl/Section1 using Guid(fb2302e8c1e0690458332824f2ba5b1f) Importer(815301076,1909f56bfc062723c751e8b465ee728b)  -> (artifact id: '5314fd5fb6543f148e86faeae8129a86') in 0.003579 seconds 
========================================================================
Received Import Request.
  Time since last request: 10.380775 seconds.
  path: Assets/FPS/Prefabs/Level/Floors
  artifactKey: Guid(f6c2769bc0a15ef478f04e0e47913d82) Importer(815301076,1909f56bfc062723c751e8b465ee728b)
Start importing Assets/FPS/Prefabs/Level/Floors using Guid(f6c2769bc0a15ef478f04e0e47913d82) Importer(815301076,1909f56bfc062723c751e8b465ee728b)  -> (artifact id: '68bb3049dd01b58fea2007aa81a97da1') in 0.012498 seconds 
========================================================================
Received Import Request.
  Time since last request: 795.245868 seconds.
  path: Assets/Sprites/Arrow.png
  artifactKey: Guid(0a43acee1bdc442d3b6f18b77ae65108) Importer(815301076,1909f56bfc062723c751e8b465ee728b)
Start importing Assets/Sprites/Arrow.png using Guid(0a43acee1bdc442d3b6f18b77ae65108) Importer(815301076,1909f56bfc062723c751e8b465ee728b)  -> (artifact id: '3b668bfeb0d04500d15b9d14d3e71584') in 0.233249 seconds 
========================================================================
Received Import Request.
  Time since last request: 171.923096 seconds.
  path: Assets/Sprites/Arrow.png
  artifactKey: Guid(0a43acee1bdc442d3b6f18b77ae65108) Importer(815301076,1909f56bfc062723c751e8b465ee728b)
Start importing Assets/Sprites/Arrow.png using Guid(0a43acee1bdc442d3b6f18b77ae65108) Importer(815301076,1909f56bfc062723c751e8b465ee728b)  -> (artifact id: '8f03bdfac5eb6e1c64f9b1eb64bd2aa0') in 0.142238 seconds 
========================================================================
Received Import Request.
  Time since last request: 1400.824449 seconds.
  path: Assets/Materials/Nivel-Piso3
  artifactKey: Guid(f5a4bcad8dd4d42b6a548364a14df7c5) Importer(815301076,1909f56bfc062723c751e8b465ee728b)
Start importing Assets/Materials/Nivel-Piso3 using Guid(f5a4bcad8dd4d42b6a548364a14df7c5) Importer(815301076,1909f56bfc062723c751e8b465ee728b)  -> (artifact id: '45d927bee45ace816abde5d613269b67') in 0.008834 seconds 
========================================================================
Received Import Request.
  Time since last request: 30.713668 seconds.
  path: Assets/Materials/Nivel-Piso2/Skybox-lvl2.mat
  artifactKey: Guid(83d2273640144436a8da2022ca704508) Importer(815301076,1909f56bfc062723c751e8b465ee728b)
Start importing Assets/Materials/Nivel-Piso2/Skybox-lvl2.mat using Guid(83d2273640144436a8da2022ca704508) Importer(815301076,1909f56bfc062723c751e8b465ee728b)  -> (artifact id: '15c178ea16e7aa38e32252ddf3ec712b') in 0.394539 seconds 
========================================================================
Received Import Request.
  Time since last request: 9.728534 seconds.
  path: Assets/Materials/Nivel-Piso3/Skybox-lvl3.mat
  artifactKey: Guid(e1971bd3e00ad4191934b9e9b6a36960) Importer(815301076,1909f56bfc062723c751e8b465ee728b)
Start importing Assets/Materials/Nivel-Piso3/Skybox-lvl3.mat using Guid(e1971bd3e00ad4191934b9e9b6a36960) Importer(815301076,1909f56bfc062723c751e8b465ee728b)  -> (artifact id: '3a9e52e6833928b7c1fdf1800dd7c86f') in 0.094751 seconds 
========================================================================
Received Import Request.
  Time since last request: 7.842620 seconds.
  path: Assets/Customizable Skybox/Stylized Sky/Shaders/Stylized Sky.shader
  artifactKey: Guid(eb3c6fb598ded4c71b8968e1c40a3b4d) Importer(815301076,1909f56bfc062723c751e8b465ee728b)
Start importing Assets/Customizable Skybox/Stylized Sky/Shaders/Stylized Sky.shader using Guid(eb3c6fb598ded4c71b8968e1c40a3b4d) Importer(815301076,1909f56bfc062723c751e8b465ee728b)  -> (artifact id: '6a65f8dcecaaa547ae899408b4fe86ce') in 0.497130 seconds 
========================================================================
Received Import Request.
  Time since last request: 121.569981 seconds.
  path: Assets/FPS/Art/Textures/UI/HUD_KeyScroll_Icon.png
  artifactKey: Guid(de218ea61675c9d4b9e7685a9b77398d) Importer(815301076,1909f56bfc062723c751e8b465ee728b)
Start importing Assets/FPS/Art/Textures/UI/HUD_KeyScroll_Icon.png using Guid(de218ea61675c9d4b9e7685a9b77398d) Importer(815301076,1909f56bfc062723c751e8b465ee728b)  -> (artifact id: '23a20a59dbcbaa326d65a0f5827b8bc3') in 0.078302 seconds 
========================================================================
Received Import Request.
  Time since last request: 0.000346 seconds.
  path: Assets/RetroAesthetics/Textures/UVs/scatter_256_01.png
  artifactKey: Guid(93b9ad928bdb943db9851ad850bbc81b) Importer(815301076,1909f56bfc062723c751e8b465ee728b)
Start importing Assets/RetroAesthetics/Textures/UVs/scatter_256_01.png using Guid(93b9ad928bdb943db9851ad850bbc81b) Importer(815301076,1909f56bfc062723c751e8b465ee728b)  -> (artifact id: 'c8547fa256f2f8486d41604fd277b693') in 0.027593 seconds 
========================================================================
Received Import Request.
  Time since last request: 0.001047 seconds.
  path: Assets/FPS/Tutorials/AddARoom/WT-Hierarchy-and-Scene.png
  artifactKey: Guid(f3a64c50e0c284cf99bce0ae27d5a8c0) Importer(815301076,1909f56bfc062723c751e8b465ee728b)
Start importing Assets/FPS/Tutorials/AddARoom/WT-Hierarchy-and-Scene.png using Guid(f3a64c50e0c284cf99bce0ae27d5a8c0) Importer(815301076,1909f56bfc062723c751e8b465ee728b)  -> (artifact id: 'a8565634721da22732455c0cad9b1345') in 0.042094 seconds 
========================================================================
Received Import Request.
  Time since last request: 0.000350 seconds.
  path: Assets/FPS/Tutorials/AddARoom/WT-Zoom-Scene.png
  artifactKey: Guid(b4c3d69d5484d4953a19fba2433bd73c) Importer(815301076,1909f56bfc062723c751e8b465ee728b)
Start importing Assets/FPS/Tutorials/AddARoom/WT-Zoom-Scene.png using Guid(b4c3d69d5484d4953a19fba2433bd73c) Importer(815301076,1909f56bfc062723c751e8b465ee728b)  -> (artifact id: '368204b35318ec56a046f022f8046c11') in 0.026667 seconds 
========================================================================
Received Import Request.
  Time since last request: 30.183746 seconds.
  path: Assets/FPS/Art/Textures/VFX/Shadow.psd
  artifactKey: Guid(93a91d6f0b91aaa49aaf4b9a6b217147) Importer(815301076,1909f56bfc062723c751e8b465ee728b)
Start importing Assets/FPS/Art/Textures/VFX/Shadow.psd using Guid(93a91d6f0b91aaa49aaf4b9a6b217147) Importer(815301076,1909f56bfc062723c751e8b465ee728b)  -> (artifact id: '4330d796e14464bd8d853d91cb85b34f') in 0.864740 seconds 
========================================================================
Received Import Request.
  Time since last request: 0.000446 seconds.
  path: Assets/RetroAesthetics/Fonts/Bitmap/sixcaps2/SixCaps2.png
  artifactKey: Guid(ef6f1d2a3482b4e5599cf481735770e9) Importer(815301076,1909f56bfc062723c751e8b465ee728b)
Start importing Assets/RetroAesthetics/Fonts/Bitmap/sixcaps2/SixCaps2.png using Guid(ef6f1d2a3482b4e5599cf481735770e9) Importer(815301076,1909f56bfc062723c751e8b465ee728b)  -> (artifact id: '5e54609408096742e87472fa0347318e') in 0.042540 seconds 
========================================================================
Received Import Request.
  Time since last request: 0.002841 seconds.
  path: Assets/RetroAesthetics/Fonts/Bitmap/sixcaps_white/SixCaps_white.png
  artifactKey: Guid(05a99bbe62e8545cfbc6868d0c53c055) Importer(815301076,1909f56bfc062723c751e8b465ee728b)
Start importing Assets/RetroAesthetics/Fonts/Bitmap/sixcaps_white/SixCaps_white.png using Guid(05a99bbe62e8545cfbc6868d0c53c055) Importer(815301076,1909f56bfc062723c751e8b465ee728b)  -> (artifact id: '593a4b164fc7ef654ed905cc6f24b8e8') in 0.022997 seconds 
========================================================================
Received Import Request.
  Time since last request: 0.003329 seconds.
  path: Assets/RetroAesthetics/Fonts/Bitmap/sixcaps1/SixCaps1.png
  artifactKey: Guid(7cf68476f61864003aa442b5fab14c41) Importer(815301076,1909f56bfc062723c751e8b465ee728b)
Start importing Assets/RetroAesthetics/Fonts/Bitmap/sixcaps1/SixCaps1.png using Guid(7cf68476f61864003aa442b5fab14c41) Importer(815301076,1909f56bfc062723c751e8b465ee728b)  -> (artifact id: 'd76c9a7854cd6e30cf7d93cd4d1cce22') in 0.025067 seconds 
========================================================================
Received Import Request.
  Time since last request: 0.001558 seconds.
  path: Assets/FPS/Art/Textures/VFX/ShrapnelTriangle.png
  artifactKey: Guid(2c6ccacfd94205d428be5a7033cefaba) Importer(815301076,1909f56bfc062723c751e8b465ee728b)
Start importing Assets/FPS/Art/Textures/VFX/ShrapnelTriangle.png using Guid(2c6ccacfd94205d428be5a7033cefaba) Importer(815301076,1909f56bfc062723c751e8b465ee728b)  -> (artifact id: '3e20c70b426bef96f4ac1cd1e7aeced2') in 0.051714 seconds 
========================================================================
Received Import Request.
  Time since last request: 13.789657 seconds.
  path: Assets/RetroAesthetics/Textures/ColorGrading/RetroLUT01.png
  artifactKey: Guid(70027d4c0aec74322b22cf4852e2a53a) Importer(815301076,1909f56bfc062723c751e8b465ee728b)
Start importing Assets/RetroAesthetics/Textures/ColorGrading/RetroLUT01.png using Guid(70027d4c0aec74322b22cf4852e2a53a) Importer(815301076,1909f56bfc062723c751e8b465ee728b)  -> (artifact id: '488e836fe57bbda510d8a9a4546392a8') in 0.023481 seconds 
========================================================================
Received Import Request.
  Time since last request: 34.990698 seconds.
  path: Assets/Materials/Nivel-Piso3/Skybox-lvl3.mat
  artifactKey: Guid(e1971bd3e00ad4191934b9e9b6a36960) Importer(815301076,1909f56bfc062723c751e8b465ee728b)
Start importing Assets/Materials/Nivel-Piso3/Skybox-lvl3.mat using Guid(e1971bd3e00ad4191934b9e9b6a36960) Importer(815301076,1909f56bfc062723c751e8b465ee728b)  -> (artifact id: '79d5036c133dd580150c6e53f63dbce8') in 0.051403 seconds 
