Unity Editor version:    2021.1.20f1 (be552157821d)
Branch:                  2021.1/staging
Build type:              Release
Batch mode:              YES
macOS version:           Version 10.15.7 (Build 19H1323)
Darwin version:          19.6.0
Architecture:            x86_64
Running under Rosetta:   NO
Available memory:        8192 MB
Using pre-set license
Pro License: NO
Pro License: NO

COMMAND LINE ARGUMENTS:
/Applications/Unity/Unity.app/Contents/MacOS/Unity
-adb2
-batchMode
-noUpm
-name
AssetImportWorker1
-projectPath
/Users/juanpablohernandeztroncoso/Desktop/Unity/Proyecto2/sprint_2
-logFile
Logs/AssetImportWorker1.log
-srvPort
59686
Successfully changed project path to: /Users/juanpablohernandeztroncoso/Desktop/Unity/Proyecto2/sprint_2
/Users/juanpablohernandeztroncoso/Desktop/Unity/Proyecto2/sprint_2
Using Asset Import Pipeline V2.
Refreshing native plugins compatible for Editor in 167.94 ms, found 2 plugins.
Preloading 0 native plugins for Editor in 0.00 ms.
Initialize engine version: 2021.1.20f1 (be552157821d)
[Subsystems] Discovering subsystems at path /Applications/Unity/Unity.app/Contents/Resources/UnitySubsystems
[Subsystems] Discovering subsystems at path /Users/juanpablohernandeztroncoso/Desktop/Unity/Proyecto2/sprint_2/Assets
GfxDevice: creating device client; threaded=0; jobified=0
2021-10-13 10:24:20.039 Unity[80417:1277114] Color LCD preferred device: Intel(R) Iris(TM) Graphics 6100 (low power)
2021-10-13 10:24:20.039 Unity[80417:1277114] Metal devices available: 1
2021-10-13 10:24:20.039 Unity[80417:1277114] 0: Intel(R) Iris(TM) Graphics 6100 (low power)
2021-10-13 10:24:20.040 Unity[80417:1277114] Using device Intel(R) Iris(TM) Graphics 6100 (low power)
Initializing Metal device caps: Intel(R) Iris(TM) Graphics 6100
Initialize mono
Mono path[0] = '/Applications/Unity/Unity.app/Contents/Managed'
Mono path[1] = '/Applications/Unity/Unity.app/Contents/MonoBleedingEdge/lib/mono/unityjit'
Mono config path = '/Applications/Unity/Unity.app/Contents/MonoBleedingEdge/etc'
Using monoOptions --debugger-agent=transport=dt_socket,embedding=1,server=y,suspend=n,address=127.0.0.1:56417
Begin MonoManager ReloadAssembly
Registering precompiled unity dll's ...
Register platform support module: /Applications/Unity/Unity.app/Contents/PlaybackEngines/MacStandaloneSupport/UnityEditor.OSXStandalone.Extensions.dll
Registered in 0.002436 seconds.
Native extension for OSXStandalone target not found
Refreshing native plugins compatible for Editor in 138.63 ms, found 2 plugins.
Preloading 0 native plugins for Editor in 0.00 ms.
Mono: successfully reloaded assembly
- Completed reload, in  4.820 seconds
Domain Reload Profiling:
	ReloadAssembly (4820ms)
		BeginReloadAssembly (222ms)
			ExecutionOrderSort (0ms)
			DisableScriptedObjects (0ms)
			BackupInstance (0ms)
			ReleaseScriptingObjects (0ms)
			CreateAndSetChildDomain (1ms)
		EndReloadAssembly (882ms)
			LoadAssemblies (222ms)
			RebuildTransferFunctionScriptingTraits (0ms)
			SetupTypeCache (401ms)
			ReleaseScriptCaches (0ms)
			RebuildScriptCaches (54ms)
			SetupLoadedEditorAssemblies (365ms)
				LogAssemblyErrors (0ms)
				InitializePlatformSupportModulesInManaged (9ms)
				SetLoadedEditorAssemblies (0ms)
				RefreshPlugins (139ms)
				BeforeProcessingInitializeOnLoad (4ms)
				ProcessInitializeOnLoadAttributes (165ms)
				ProcessInitializeOnLoadMethodAttributes (47ms)
				AfterProcessingInitializeOnLoad (0ms)
				EditorAssembliesLoaded (0ms)
			ExecutionOrderSort2 (0ms)
			AwakeInstancesAfterBackupRestoration (0ms)
Platform modules already initialized, skipping
Registering precompiled user dll's ...
Registered in 0.007891 seconds.
Begin MonoManager ReloadAssembly
Symbol file LoadedFromMemory doesn't match image /Users/juanpablohernandeztroncoso/Desktop/Unity/Proyecto2/sprint_2/Library/PackageCache/com.unity.visualscripting@1.6.1/Editor/VisualScripting.Core/Dependencies/YamlDotNet/Unity.VisualScripting.YamlDotNet.dll
Symbol file LoadedFromMemory doesn't match image /Users/juanpablohernandeztroncoso/Desktop/Unity/Proyecto2/sprint_2/Library/PackageCache/com.unity.visualscripting@1.6.1/Editor/VisualScripting.Core/Dependencies/DotNetZip/Unity.VisualScripting.IonicZip.dll
Native extension for OSXStandalone target not found
Refreshing native plugins compatible for Editor in 1.12 ms, found 2 plugins.
Preloading 0 native plugins for Editor in 0.00 ms.
Mono: successfully reloaded assembly
- Completed reload, in  2.562 seconds
Domain Reload Profiling:
	ReloadAssembly (2562ms)
		BeginReloadAssembly (338ms)
			ExecutionOrderSort (0ms)
			DisableScriptedObjects (10ms)
			BackupInstance (0ms)
			ReleaseScriptingObjects (0ms)
			CreateAndSetChildDomain (63ms)
		EndReloadAssembly (2098ms)
			LoadAssemblies (236ms)
			RebuildTransferFunctionScriptingTraits (0ms)
			SetupTypeCache (706ms)
			ReleaseScriptCaches (1ms)
			RebuildScriptCaches (95ms)
			SetupLoadedEditorAssemblies (921ms)
				LogAssemblyErrors (0ms)
				InitializePlatformSupportModulesInManaged (9ms)
				SetLoadedEditorAssemblies (1ms)
				RefreshPlugins (1ms)
				BeforeProcessingInitializeOnLoad (120ms)
				ProcessInitializeOnLoadAttributes (779ms)
				ProcessInitializeOnLoadMethodAttributes (8ms)
				AfterProcessingInitializeOnLoad (2ms)
				EditorAssembliesLoaded (0ms)
			ExecutionOrderSort2 (0ms)
			AwakeInstancesAfterBackupRestoration (10ms)
Platform modules already initialized, skipping
========================================================================
Worker process is ready to serve import requests
Launching external process: /Applications/Unity/Unity.app/Contents/Tools/UnityShaderCompiler
Launched and connected shader compiler UnityShaderCompiler after 0.04 seconds
Refreshing native plugins compatible for Editor in 1.10 ms, found 2 plugins.
Preloading 0 native plugins for Editor in 0.00 ms.
Unloading 3652 Unused Serialized files (Serialized files now loaded: 0)
System memory in use before: 250.3 MB.
System memory in use after: 250.5 MB.

Unloading 103 unused Assets to reduce memory usage. Loaded Objects now: 4081.
Total: 8.912494 ms (FindLiveObjects: 0.971499 ms CreateObjectMapping: 0.551575 ms MarkObjects: 6.847863 ms  DeleteObjects: 0.538519 ms)

AssetImportParameters requested are different than current active one (requested -> active):
  custom:video-decoder-ogg-theora: a1e56fd34408186e4bbccfd4996cb3dc -> 
  custom:container-muxer-webm: aa71ff27fc2769a1b78a27578f13a17b -> 
  custom:container-demuxer-webm: 4f35f7cbe854078d1ac9338744f61a02 -> 
  custom:container-demuxer-ogg: 62fdf1f143b41e24485cea50d1cbac27 -> 
  custom:video-encoder-webm-vp8: eb34c28f22e8b96e1ab97ce403110664 -> 
  custom:framework-osx-AVFoundation: b23960f63f64bdc6ff669e2cdcee2391 -> 
  custom:video-decoder-webm-vp8: 9c59270c3fd7afecdb556c50c9e8de78 -> 
  custom:audio-decoder-ogg-vorbis: bf7c407c2cedff20999df2af8eb42d56 -> 
  custom:audio-encoder-webm-vorbis: bf7c407c2cedff20999df2af8eb42d56 -> 
========================================================================
Received Import Request.
  path: Assets/Sprites/BcConversion.png
  artifactKey: Guid(215f66d0a050ace488f94f139f10e039) Importer(815301076,1909f56bfc062723c751e8b465ee728b)
Start importing Assets/Sprites/BcConversion.png using Guid(215f66d0a050ace488f94f139f10e039) Importer(815301076,1909f56bfc062723c751e8b465ee728b)  -> (artifact id: '08163a5663d1b01df10530c2d0fc1b70') in 0.640150 seconds 
========================================================================
Received Import Request.
  Time since last request: 0.000415 seconds.
  path: Assets/Sprites/Poster1.png
  artifactKey: Guid(4b305210be482534e831b8f00e319416) Importer(815301076,1909f56bfc062723c751e8b465ee728b)
Start importing Assets/Sprites/Poster1.png using Guid(4b305210be482534e831b8f00e319416) Importer(815301076,1909f56bfc062723c751e8b465ee728b)  -> (artifact id: '583a8cc559262468575c108c1dde8c0f') in 0.014341 seconds 
========================================================================
Received Import Request.
  Time since last request: 0.000367 seconds.
  path: Assets/Sprites/EspadaSim.png
  artifactKey: Guid(3fb54f8adf0d7db468d9093e503d93a1) Importer(815301076,1909f56bfc062723c751e8b465ee728b)
Start importing Assets/Sprites/EspadaSim.png using Guid(3fb54f8adf0d7db468d9093e503d93a1) Importer(815301076,1909f56bfc062723c751e8b465ee728b)  -> (artifact id: 'e9b1d4001f05b1c2a738c644cc20859c') in 0.013717 seconds 
========================================================================
Received Import Request.
  Time since last request: 0.000391 seconds.
  path: Assets/Sprites/SMGSim.png
  artifactKey: Guid(2d665357b63892f43b24af43232dbeaa) Importer(815301076,1909f56bfc062723c751e8b465ee728b)
Start importing Assets/Sprites/SMGSim.png using Guid(2d665357b63892f43b24af43232dbeaa) Importer(815301076,1909f56bfc062723c751e8b465ee728b)  -> (artifact id: 'dfa4fe421c826ae7dd924997ae2fc504') in 0.017875 seconds 
========================================================================
Received Import Request.
  Time since last request: 0.000349 seconds.
  path: Assets/Sprites/EscopetaSim.png
  artifactKey: Guid(df4cfcfcd9142764685d3ea92a02d0c4) Importer(815301076,1909f56bfc062723c751e8b465ee728b)
Start importing Assets/Sprites/EscopetaSim.png using Guid(df4cfcfcd9142764685d3ea92a02d0c4) Importer(815301076,1909f56bfc062723c751e8b465ee728b)  -> (artifact id: 'e8fef8af4695dedc9bd29dadb2c41b02') in 0.012403 seconds 
========================================================================
Received Import Request.
  Time since last request: 0.000462 seconds.
  path: Assets/Sprites/BcArmas.png
  artifactKey: Guid(77d1eed117852884187779eb984810e2) Importer(815301076,1909f56bfc062723c751e8b465ee728b)
Start importing Assets/Sprites/BcArmas.png using Guid(77d1eed117852884187779eb984810e2) Importer(815301076,1909f56bfc062723c751e8b465ee728b)  -> (artifact id: '6bd925fde3b53b057f09d7dcc48d8d66') in 0.013442 seconds 
========================================================================
Received Import Request.
  Time since last request: 0.000720 seconds.
  path: Assets/Sprites/BarraConversion.png
  artifactKey: Guid(a8ce102f5c1cc2b449eda8d09ee983ad) Importer(815301076,1909f56bfc062723c751e8b465ee728b)
Start importing Assets/Sprites/BarraConversion.png using Guid(a8ce102f5c1cc2b449eda8d09ee983ad) Importer(815301076,1909f56bfc062723c751e8b465ee728b)  -> (artifact id: '491b8899391897bd276008d465407c1f') in 0.016437 seconds 
========================================================================
Received Import Request.
  Time since last request: 3.307269 seconds.
  path: Assets/Sprites/pixil-frame-1.png
  artifactKey: Guid(8b80568e637444b6e9ed37cd831d30c3) Importer(815301076,1909f56bfc062723c751e8b465ee728b)
Start importing Assets/Sprites/pixil-frame-1.png using Guid(8b80568e637444b6e9ed37cd831d30c3) Importer(815301076,1909f56bfc062723c751e8b465ee728b)  -> (artifact id: 'daa0982615dfd4f8c2741564e330424e') in 0.069050 seconds 
========================================================================
Received Import Request.
  Time since last request: 0.078015 seconds.
  path: Assets/Sprites/pixil-frame-0.png
  artifactKey: Guid(a2fd55000e9fb4d63b6d80e6f2c5d8b5) Importer(815301076,1909f56bfc062723c751e8b465ee728b)
Start importing Assets/Sprites/pixil-frame-0.png using Guid(a2fd55000e9fb4d63b6d80e6f2c5d8b5) Importer(815301076,1909f56bfc062723c751e8b465ee728b)  -> (artifact id: '4176c64534dbb1be206315b9be3c5f4d') in 0.131697 seconds 
========================================================================
Received Import Request.
  Time since last request: 0.000330 seconds.
  path: Assets/Sprites/pixil-frame-3.png
  artifactKey: Guid(f58983e508f364dc18a51a8ce95338fb) Importer(815301076,1909f56bfc062723c751e8b465ee728b)
Start importing Assets/Sprites/pixil-frame-3.png using Guid(f58983e508f364dc18a51a8ce95338fb) Importer(815301076,1909f56bfc062723c751e8b465ee728b)  -> (artifact id: 'f9eb4d7b60453ac9dc38b117ff15cc32') in 0.024104 seconds 
========================================================================
Received Import Request.
  Time since last request: 0.001261 seconds.
  path: Assets/Sprites/pixil-frame-2.png
  artifactKey: Guid(8f3b4a5f39fd64cf3a391edf6f2c0a4d) Importer(815301076,1909f56bfc062723c751e8b465ee728b)
Start importing Assets/Sprites/pixil-frame-2.png using Guid(8f3b4a5f39fd64cf3a391edf6f2c0a4d) Importer(815301076,1909f56bfc062723c751e8b465ee728b)  -> (artifact id: '59906e56a1808759f11b4b6b177134e7') in 0.063876 seconds 
========================================================================
Received Import Request.
  Time since last request: 10.826240 seconds.
  path: Assets/Sprites
  artifactKey: Guid(8ee1e8e219fbf3d458b02be69ae45b58) Importer(815301076,1909f56bfc062723c751e8b465ee728b)
Start importing Assets/Sprites using Guid(8ee1e8e219fbf3d458b02be69ae45b58) Importer(815301076,1909f56bfc062723c751e8b465ee728b)  -> (artifact id: 'bc5b748e56fc5a317bb442b008285b48') in 0.004804 seconds 
========================================================================
Received Import Request.
  Time since last request: 232.974268 seconds.
  path: Assets/Sprites/A.png
  artifactKey: Guid(36ada8dd058a54af085bb903b7b23cc0) Importer(815301076,1909f56bfc062723c751e8b465ee728b)
Start importing Assets/Sprites/A.png using Guid(36ada8dd058a54af085bb903b7b23cc0) Importer(815301076,1909f56bfc062723c751e8b465ee728b)  -> (artifact id: '664ffc6e0508af01aa2de5c154906393') in 0.127578 seconds 
========================================================================
Received Import Request.
  Time since last request: 0.000397 seconds.
  path: Assets/Sprites/W.png
  artifactKey: Guid(4fd8690de20234bedbceaa300919120e) Importer(815301076,1909f56bfc062723c751e8b465ee728b)
Start importing Assets/Sprites/W.png using Guid(4fd8690de20234bedbceaa300919120e) Importer(815301076,1909f56bfc062723c751e8b465ee728b)  -> (artifact id: '1082fef0ffc46556c6f4cecce9a4a84f') in 0.062875 seconds 
========================================================================
Received Import Request.
  Time since last request: 0.000388 seconds.
  path: Assets/Sprites/S.png
  artifactKey: Guid(5d0f405bc885d408b8f132e0c69d695c) Importer(815301076,1909f56bfc062723c751e8b465ee728b)
Start importing Assets/Sprites/S.png using Guid(5d0f405bc885d408b8f132e0c69d695c) Importer(815301076,1909f56bfc062723c751e8b465ee728b)  -> (artifact id: '69ae70d7b30cb678690623e92f237621') in 0.109928 seconds 
========================================================================
Received Import Request.
  Time since last request: 0.000308 seconds.
  path: Assets/Sprites/D.png
  artifactKey: Guid(ba2c8b14839ef4ad6aa58c542637b7e6) Importer(815301076,1909f56bfc062723c751e8b465ee728b)
Start importing Assets/Sprites/D.png using Guid(ba2c8b14839ef4ad6aa58c542637b7e6) Importer(815301076,1909f56bfc062723c751e8b465ee728b)  -> (artifact id: '574de482458434d8eb903ddd8b2bce66') in 0.034538 seconds 
