Unity Editor version:    2021.1.20f1 (be552157821d)
Branch:                  2021.1/staging
Build type:              Release
Batch mode:              YES
macOS version:           Version 10.15.7 (Build 19H1323)
Darwin version:          19.6.0
Architecture:            x86_64
Running under Rosetta:   NO
Available memory:        8192 MB
Using pre-set license
Pro License: NO
Pro License: NO

COMMAND LINE ARGUMENTS:
/Applications/Unity/Unity.app/Contents/MacOS/Unity
-adb2
-batchMode
-noUpm
-name
AssetImportWorker1
-projectPath
/Users/juanpablohernandeztroncoso/Desktop/Unity/Proyecto2/sprint_2
-logFile
Logs/AssetImportWorker1.log
-srvPort
49361
Successfully changed project path to: /Users/juanpablohernandeztroncoso/Desktop/Unity/Proyecto2/sprint_2
/Users/juanpablohernandeztroncoso/Desktop/Unity/Proyecto2/sprint_2
Using Asset Import Pipeline V2.
Refreshing native plugins compatible for Editor in 211.98 ms, found 2 plugins.
Preloading 0 native plugins for Editor in 0.00 ms.
Initialize engine version: 2021.1.20f1 (be552157821d)
[Subsystems] Discovering subsystems at path /Applications/Unity/Unity.app/Contents/Resources/UnitySubsystems
[Subsystems] Discovering subsystems at path /Users/juanpablohernandeztroncoso/Desktop/Unity/Proyecto2/sprint_2/Assets
GfxDevice: creating device client; threaded=0; jobified=0
2021-10-15 10:46:00.789 Unity[99542:2149355] Color LCD preferred device: Intel(R) Iris(TM) Graphics 6100 (low power)
2021-10-15 10:46:00.789 Unity[99542:2149355] Metal devices available: 1
2021-10-15 10:46:00.789 Unity[99542:2149355] 0: Intel(R) Iris(TM) Graphics 6100 (low power)
2021-10-15 10:46:00.790 Unity[99542:2149355] Using device Intel(R) Iris(TM) Graphics 6100 (low power)
Initializing Metal device caps: Intel(R) Iris(TM) Graphics 6100
Initialize mono
Mono path[0] = '/Applications/Unity/Unity.app/Contents/Managed'
Mono path[1] = '/Applications/Unity/Unity.app/Contents/MonoBleedingEdge/lib/mono/unityjit'
Mono config path = '/Applications/Unity/Unity.app/Contents/MonoBleedingEdge/etc'
Using monoOptions --debugger-agent=transport=dt_socket,embedding=1,server=y,suspend=n,address=127.0.0.1:56542
Begin MonoManager ReloadAssembly
Registering precompiled unity dll's ...
Register platform support module: /Applications/Unity/Unity.app/Contents/PlaybackEngines/MacStandaloneSupport/UnityEditor.OSXStandalone.Extensions.dll
Registered in 0.002196 seconds.
Native extension for OSXStandalone target not found
Refreshing native plugins compatible for Editor in 199.27 ms, found 2 plugins.
Preloading 0 native plugins for Editor in 0.00 ms.
Mono: successfully reloaded assembly
- Completed reload, in  4.996 seconds
Domain Reload Profiling:
	ReloadAssembly (4996ms)
		BeginReloadAssembly (157ms)
			ExecutionOrderSort (0ms)
			DisableScriptedObjects (0ms)
			BackupInstance (0ms)
			ReleaseScriptingObjects (0ms)
			CreateAndSetChildDomain (1ms)
		EndReloadAssembly (1129ms)
			LoadAssemblies (158ms)
			RebuildTransferFunctionScriptingTraits (0ms)
			SetupTypeCache (338ms)
			ReleaseScriptCaches (0ms)
			RebuildScriptCaches (170ms)
			SetupLoadedEditorAssemblies (538ms)
				LogAssemblyErrors (0ms)
				InitializePlatformSupportModulesInManaged (32ms)
				SetLoadedEditorAssemblies (0ms)
				RefreshPlugins (199ms)
				BeforeProcessingInitializeOnLoad (2ms)
				ProcessInitializeOnLoadAttributes (241ms)
				ProcessInitializeOnLoadMethodAttributes (63ms)
				AfterProcessingInitializeOnLoad (0ms)
				EditorAssembliesLoaded (0ms)
			ExecutionOrderSort2 (0ms)
			AwakeInstancesAfterBackupRestoration (0ms)
Platform modules already initialized, skipping
Registering precompiled user dll's ...
Registered in 0.008869 seconds.
Begin MonoManager ReloadAssembly
Symbol file LoadedFromMemory doesn't match image /Users/juanpablohernandeztroncoso/Desktop/Unity/Proyecto2/sprint_2/Library/PackageCache/com.unity.visualscripting@1.6.1/Editor/VisualScripting.Core/Dependencies/YamlDotNet/Unity.VisualScripting.YamlDotNet.dll
Symbol file LoadedFromMemory doesn't match image /Users/juanpablohernandeztroncoso/Desktop/Unity/Proyecto2/sprint_2/Library/PackageCache/com.unity.visualscripting@1.6.1/Editor/VisualScripting.Core/Dependencies/DotNetZip/Unity.VisualScripting.IonicZip.dll
Native extension for OSXStandalone target not found
Refreshing native plugins compatible for Editor in 1.22 ms, found 2 plugins.
Preloading 0 native plugins for Editor in 0.00 ms.
Mono: successfully reloaded assembly
- Completed reload, in  2.943 seconds
Domain Reload Profiling:
	ReloadAssembly (2944ms)
		BeginReloadAssembly (435ms)
			ExecutionOrderSort (0ms)
			DisableScriptedObjects (21ms)
			BackupInstance (0ms)
			ReleaseScriptingObjects (0ms)
			CreateAndSetChildDomain (62ms)
		EndReloadAssembly (2369ms)
			LoadAssemblies (244ms)
			RebuildTransferFunctionScriptingTraits (0ms)
			SetupTypeCache (961ms)
			ReleaseScriptCaches (1ms)
			RebuildScriptCaches (117ms)
			SetupLoadedEditorAssemblies (850ms)
				LogAssemblyErrors (0ms)
				InitializePlatformSupportModulesInManaged (6ms)
				SetLoadedEditorAssemblies (1ms)
				RefreshPlugins (1ms)
				BeforeProcessingInitializeOnLoad (104ms)
				ProcessInitializeOnLoadAttributes (728ms)
				ProcessInitializeOnLoadMethodAttributes (8ms)
				AfterProcessingInitializeOnLoad (2ms)
				EditorAssembliesLoaded (0ms)
			ExecutionOrderSort2 (0ms)
			AwakeInstancesAfterBackupRestoration (10ms)
Platform modules already initialized, skipping
========================================================================
Worker process is ready to serve import requests
Launching external process: /Applications/Unity/Unity.app/Contents/Tools/UnityShaderCompiler
Launched and connected shader compiler UnityShaderCompiler after 0.04 seconds
Refreshing native plugins compatible for Editor in 1.01 ms, found 2 plugins.
Preloading 0 native plugins for Editor in 0.00 ms.
Unloading 3652 Unused Serialized files (Serialized files now loaded: 0)
System memory in use before: 324.0 MB.
System memory in use after: 324.1 MB.

Unloading 103 unused Assets to reduce memory usage. Loaded Objects now: 4083.
Total: 5.277542 ms (FindLiveObjects: 0.332364 ms CreateObjectMapping: 0.168440 ms MarkObjects: 4.577894 ms  DeleteObjects: 0.197222 ms)

AssetImportParameters requested are different than current active one (requested -> active):
  custom:video-decoder-ogg-theora: a1e56fd34408186e4bbccfd4996cb3dc -> 
  custom:container-muxer-webm: aa71ff27fc2769a1b78a27578f13a17b -> 
  custom:container-demuxer-webm: 4f35f7cbe854078d1ac9338744f61a02 -> 
  custom:container-demuxer-ogg: 62fdf1f143b41e24485cea50d1cbac27 -> 
  custom:video-encoder-webm-vp8: eb34c28f22e8b96e1ab97ce403110664 -> 
  custom:framework-osx-AVFoundation: b23960f63f64bdc6ff669e2cdcee2391 -> 
  custom:video-decoder-webm-vp8: 9c59270c3fd7afecdb556c50c9e8de78 -> 
  custom:audio-decoder-ogg-vorbis: bf7c407c2cedff20999df2af8eb42d56 -> 
  custom:audio-encoder-webm-vorbis: bf7c407c2cedff20999df2af8eb42d56 -> 
========================================================================
Received Import Request.
  path: Assets/Scenes/Piso3.unity
  artifactKey: Guid(b1f26f7f3685a424fabb18c0a6f895bc) Importer(815301076,1909f56bfc062723c751e8b465ee728b)
Start importing Assets/Scenes/Piso3.unity using Guid(b1f26f7f3685a424fabb18c0a6f895bc) Importer(815301076,1909f56bfc062723c751e8b465ee728b)  -> (artifact id: '297846d331348c217b85c56d3475d10e') in 0.010380 seconds 
========================================================================
Received Import Request.
  Time since last request: 0.000339 seconds.
  path: Assets/Scenes/Piso2.unity
  artifactKey: Guid(88134dd85d8f4eb4c9be6deb806f8e3c) Importer(815301076,1909f56bfc062723c751e8b465ee728b)
Start importing Assets/Scenes/Piso2.unity using Guid(88134dd85d8f4eb4c9be6deb806f8e3c) Importer(815301076,1909f56bfc062723c751e8b465ee728b)  -> (artifact id: 'fe0ddb8332a7fe6f1d39066102fd76b4') in 0.008840 seconds 
========================================================================
Received Import Request.
  Time since last request: 179.954584 seconds.
  path: Assets/Materials/Nivel-Piso1/Textura-Azul.mat
  artifactKey: Guid(ca9e9971270e605499642c1e0ce82f4e) Importer(815301076,1909f56bfc062723c751e8b465ee728b)
Start importing Assets/Materials/Nivel-Piso1/Textura-Azul.mat using Guid(ca9e9971270e605499642c1e0ce82f4e) Importer(815301076,1909f56bfc062723c751e8b465ee728b)  -> (artifact id: 'df6f91e2ca8beef122c964cdfabb6265') in 0.620152 seconds 
========================================================================
Received Import Request.
  Time since last request: 0.000338 seconds.
  path: Assets/Materials/Nivel-Piso1/Textura-Blanca.mat
  artifactKey: Guid(2b27d590ae21477499be001e619f6723) Importer(815301076,1909f56bfc062723c751e8b465ee728b)
Start importing Assets/Materials/Nivel-Piso1/Textura-Blanca.mat using Guid(2b27d590ae21477499be001e619f6723) Importer(815301076,1909f56bfc062723c751e8b465ee728b)  -> (artifact id: '5ebf4a9957811be542bea66e72264d26') in 0.027997 seconds 
========================================================================
Received Import Request.
  Time since last request: 1.300512 seconds.
  path: Assets/Materials/Nivel-Piso3/Skybox-lvl3.mat
  artifactKey: Guid(e1971bd3e00ad4191934b9e9b6a36960) Importer(815301076,1909f56bfc062723c751e8b465ee728b)
Start importing Assets/Materials/Nivel-Piso3/Skybox-lvl3.mat using Guid(e1971bd3e00ad4191934b9e9b6a36960) Importer(815301076,1909f56bfc062723c751e8b465ee728b)  -> (artifact id: '6ee4ff3270c34ae7bae211b450eb2d72') in 0.016448 seconds 
========================================================================
Received Import Request.
  Time since last request: 315.380413 seconds.
  path: Assets/Sprites/Materials/Arrow.mat
  artifactKey: Guid(195c50c2361a44424a9388656e6cef1c) Importer(815301076,1909f56bfc062723c751e8b465ee728b)
Start importing Assets/Sprites/Materials/Arrow.mat using Guid(195c50c2361a44424a9388656e6cef1c) Importer(815301076,1909f56bfc062723c751e8b465ee728b)  -> (artifact id: 'b54d383644523a7d2db19b67ef9de8c1') in 0.124145 seconds 
========================================================================
Received Import Request.
  Time since last request: 9.484157 seconds.
  path: Assets/Fonts/BAUHS93.TTF
  artifactKey: Guid(88d659e54b57af84bb02f6595c60d76b) Importer(815301076,1909f56bfc062723c751e8b465ee728b)
Start importing Assets/Fonts/BAUHS93.TTF using Guid(88d659e54b57af84bb02f6595c60d76b) Importer(815301076,1909f56bfc062723c751e8b465ee728b)  -> (artifact id: 'bc7733ae5f5ad274b6fa193c348c66c3') in 0.940704 seconds 
